<?xml version="1.0" encoding="UTF-8"?>
<!-- Generated by org.testng.reporters.JUnitXMLReporter -->
<testsuite ignored="0" hostname="ELW10087" failures="0" tests="4" name="Test" time="13.874" errors="0" timestamp="27 Sep 2022 12:34:31 GMT">
  <testcase classname="testngexamples.LoginHRM" name="login" time="5.069"/>
  <testcase classname="testngexamples.LoginHRM" name="logout" time="3.669"/>
  <testcase classname="testngexamples.Firefoxopen" name="firefox" time="2.591"/>
  <testcase classname="testngexamples.FacebooksignUp" name="facebook" time="2.524"/>
</testsuite> <!-- Test -->
