<?xml version="1.0" encoding="UTF-8"?>
<testng-results ignored="0" total="1" passed="1" failed="0" skipped="0">
  <reporter-output>
  </reporter-output>
  <suite started-at="2022-09-26T14:19:50Z" name="Default suite" finished-at="2022-09-26T14:19:51Z" duration-ms="958">
    <groups>
    </groups>
    <test started-at="2022-09-26T14:19:50Z" name="Default test" finished-at="2022-09-26T14:19:51Z" duration-ms="958">
      <class name="testngexamples.Webtable">
        <test-method signature="f()[pri:0, instance:testngexamples.Webtable@4e423aa2]" started-at="2022-09-26T14:19:50Z" name="f" finished-at="2022-09-26T14:19:51Z" duration-ms="943" status="PASS">
          <reporter-output>
          </reporter-output>
        </test-method> <!-- f -->
      </class> <!-- testngexamples.Webtable -->
    </test> <!-- Default test -->
  </suite> <!-- Default suite -->
</testng-results>
