<?xml version="1.0" encoding="UTF-8"?>
<testng-results ignored="0" total="1" passed="1" failed="0" skipped="0">
  <reporter-output>
  </reporter-output>
  <suite started-at="2022-09-28T09:07:48Z" name="Default suite" finished-at="2022-09-28T09:07:51Z" duration-ms="3063">
    <groups>
    </groups>
    <test started-at="2022-09-28T09:07:48Z" name="Default test" finished-at="2022-09-28T09:07:51Z" duration-ms="3063">
      <class name="testngexamples.FacebooksignUp">
        <test-method signature="facebook()[pri:0, instance:testngexamples.FacebooksignUp@4e423aa2]" started-at="2022-09-28T09:07:48Z" name="facebook" finished-at="2022-09-28T09:07:51Z" duration-ms="3049" status="PASS">
          <reporter-output>
          </reporter-output>
        </test-method> <!-- facebook -->
      </class> <!-- testngexamples.FacebooksignUp -->
    </test> <!-- Default test -->
  </suite> <!-- Default suite -->
</testng-results>
